<?xml version="1.0" encoding="UTF-8"?>
<!-- Generated by org.testng.reporters.JUnitXMLReporter -->
<testsuite ignored="0" hostname="LAPTOP-IAR0UUF3" failures="0" tests="4" name="Default test" time="23.374" errors="0" timestamp="2025-11-17T22:05:32 IST">
  <testcase classname="api.testcases.UserTest" name="testCreateUser" time="2.564"/>
  <testcase classname="api.testcases.UserTest" name="testGetUserData" time="1.586"/>
  <testcase classname="api.testcases.UserTest" name="testUpdateUser" time="17.512"/>
  <testcase classname="api.testcases.UserTest" name="testDeleteUser" time="1.233"/>
</testsuite> <!-- Default test -->
