<?xml version="1.0" encoding="UTF-8"?>
<!-- Generated by org.testng.reporters.JUnitXMLReporter -->
<testsuite ignored="0" hostname="LAPTOP-IAR0UUF3" failures="1" tests="4" name="Test" time="9.322" errors="0" timestamp="2025-11-17T22:10:32 IST">
  <testcase classname="api.testcases.UserTest" name="testCreateUser" time="3.112"/>
  <testcase classname="api.testcases.UserTest" name="testGetUserData" time="1.321"/>
  <testcase classname="api.testcases.UserTest" name="testUpdateUser" time="2.554"/>
  <testcase classname="api.testcases.UserTest" name="testDeleteUser" time="1.433">
    <failure type="java.lang.AssertionError" message="expected [200] but found [404]">
      <![CDATA[java.lang.AssertionError: expected [200] but found [404]
at api.testcases.UserTest.testDeleteUser(UserTest.java:115)
at java.base/java.util.ArrayList.forEach(ArrayList.java:1604)
... Removed 32 stack frames]]>
    </failure>
  </testcase> <!-- testDeleteUser -->
</testsuite> <!-- Test -->
